[backblue.gif]
[fade.gif]
[index.html]
[ardor-profile.herokuapp.com/assets/favicons/laptop.png]
[ardor-profile.herokuapp.com/assets/www.google-analytics.com/analytics.js]
[ardor-profile.herokuapp.com/assets/slides/slide-1-a5eac05a8b31727bb1877c48e88efaba4c74dd4f4c0eca6d42ec383b1f42bcc2.jpg]
[ardor-profile.herokuapp.com/assets/www.themepush.com/demo/calypso/img/demo/slide1-3.png]
[ardor-profile.herokuapp.com/assets/www.themepush.com/demo/calypso/img/demo/slide1-1.png]
[ardor-profile.herokuapp.com/assets/www.themepush.com/demo/calypso/img/demo/slide1-2.png]
[ardor-profile.herokuapp.com/assets/www.themepush.com/demo/calypso/img/demo/desktop3.png]
[ardor-profile.herokuapp.com/assets/calypso/shp-999fad195c8edb6ec3900a955e772929ec291ceed993136d7f2b441dbf214dc6.png]
[ardor-profile.herokuapp.com/assets/uploads/member/photo/1/medium_b3b9fa4e21bc6e1edc3c461fc8c0f0de.jpg]
[ardor-profile.herokuapp.com/assets/uploads/member/photo/2/medium_d68b5c9e088b538ed88d8dc923468272.jpg]
[ardor-profile.herokuapp.com/assets/uploads/member/photo/3/medium_d05646fc464df8f9875e5a078f5cce57.jpg]
[ardor-profile.herokuapp.com/assets/uploads/member/photo/5/medium_1b61dffebfe07a9e62c755afadd3d620.jpg]
[ardor-profile.herokuapp.com/assets/uploads/member/photo/7/medium_1ea279c3e45a2c1b38fb84ffc33bfd4f.jpg]
[ardor-profile.herokuapp.com/assets/uploads/member/photo/9/medium_2967cd14a6b44ab8dbbb677a6c15e928.jpg]
[ardor-profile.herokuapp.com/assets/uploads/member/photo/10/medium_27047958476580c1434fc4ea078a830f.jpg]
[ardor-profile.herokuapp.com/assets/uploads/project_image/image/41/medium_af76e1296b7872dacb44f5eb8de7c179.png]
[ardor-profile.herokuapp.com/assets/uploads/project_image/image/41/big_af76e1296b7872dacb44f5eb8de7c179.png]
[ardor-profile.herokuapp.com/assets/uploads/project_image/image/44/medium_9243461aa5a38350cdbf5ee21e25d238.png]
[ardor-profile.herokuapp.com/assets/uploads/project_image/image/44/big_9243461aa5a38350cdbf5ee21e25d238.png]
[ardor-profile.herokuapp.com/assets/uploads/project_image/image/14/medium_d19e81e8eff655cb9a3a71a7ccf20741.png]
[ardor-profile.herokuapp.com/assets/uploads/project_image/image/14/big_d19e81e8eff655cb9a3a71a7ccf20741.png]
[ardor-profile.herokuapp.com/assets/uploads/project_image/image/8/medium_3539b51ec040336722c87473aab45dcd.png]
[ardor-profile.herokuapp.com/assets/uploads/project_image/image/8/big_3539b51ec040336722c87473aab45dcd.png]
[ardor-profile.herokuapp.com/assets/uploads/project_image/image/26/medium_b73d5289e03179eedaa8a5c5701f3a20.png]
[ardor-profile.herokuapp.com/assets/uploads/project_image/image/26/big_b73d5289e03179eedaa8a5c5701f3a20.png]
[ardor-profile.herokuapp.com/assets/uploads/project_image/image/4/medium_962cc2afa7c66ad761d9c5b4f5924301.png]
[ardor-profile.herokuapp.com/assets/uploads/project_image/image/4/big_962cc2afa7c66ad761d9c5b4f5924301.png]
[ardor-profile.herokuapp.com/assets/uploads/project_image/image/11/medium_4bdc2cbd5f3b6b90e148e6466238c13c.png]
[ardor-profile.herokuapp.com/assets/uploads/project_image/image/11/big_4bdc2cbd5f3b6b90e148e6466238c13c.png]
[ardor-profile.herokuapp.com/assets/uploads/project_image/image/5/medium_443bf76990662016d638b327954e8e44.png]
[ardor-profile.herokuapp.com/assets/uploads/project_image/image/5/big_443bf76990662016d638b327954e8e44.png]
[ardor-profile.herokuapp.com/assets/uploads/project_image/image/20/medium_b6d2eeadb55af2827b9a54abaf34085f.png]
[ardor-profile.herokuapp.com/assets/uploads/project_image/image/20/big_b6d2eeadb55af2827b9a54abaf34085f.png]
[ardor-profile.herokuapp.com/assets/uploads/project_image/image/17/medium_6eca33a151aac65a479015d51c9ca393.png]
[ardor-profile.herokuapp.com/assets/uploads/project_image/image/17/big_6eca33a151aac65a479015d51c9ca393.png]
[ardor-profile.herokuapp.com/assets/uploads/project_image/image/23/medium_112450c6b858040fd49c96aede242de6.png]
[ardor-profile.herokuapp.com/assets/uploads/project_image/image/23/big_112450c6b858040fd49c96aede242de6.png]
[ardor-profile.herokuapp.com/assets/uploads/project_image/image/35/medium_c475c2fbfa7240d5dd6f6bcba27628eb.png]
[ardor-profile.herokuapp.com/assets/uploads/project_image/image/35/big_c475c2fbfa7240d5dd6f6bcba27628eb.png]
[ardor-profile.herokuapp.com/assets/fallback/testimonial_photo/thumb_default-4ded8d7fea421c39a525a5e2a0e1cd738613badb6a50cefc951b8012086becb6.jpg]
[ardor-profile.herokuapp.com/assets/frontend-6aeb20501efca87943303189c0e7626e9754addc12edda6488c1882537b59c44.js]
[ardor-profile.herokuapp.com/index.html]
[ardor-profile.herokuapp.com/assets/cdn-images.mailchimp.com/embedcode/horizontal-slim-10_7.css]
[ardor-profile.herokuapp.com/assets/bootstrap/glyphicons-halflings-regular-13634da87d9e23f8c3ed9108ce1724d183a39ad072e73e1b3d8cbf646d2d0407.eot]
[ardor-profile.herokuapp.com/assets/bootstrap/glyphicons-halflings-regular-13634da87d9e23f8c3ed9108ce1724d183a39ad072e73e1b3d8cbf646d2d0407d41dd41d.eot]
[ardor-profile.herokuapp.com/assets/bootstrap/glyphicons-halflings-regular-a26394f7ede100ca118eff2eda08596275a9839b959c226e15439557a5a80742.woff]
[ardor-profile.herokuapp.com/assets/font-awesome/fontawesome-webfont-a9595e5bf3b6dbbc076902b9abdea356053d69a2fe66506706de9bb39a126b8f.eot]
[ardor-profile.herokuapp.com/assets/font-awesome/fontawesome-webfont-a9595e5bf3b6dbbc076902b9abdea356053d69a2fe66506706de9bb39a126b8fd41dd41d.eot]
[ardor-profile.herokuapp.com/assets/font-awesome/fontawesome-webfont-18e6b5ff511b90edf098e62ac45ed9d6673a3eee10165d0de4164d4d02a3a77f.woff]
[ardor-profile.herokuapp.com/assets/calypso/head-c747869e5290802e811cde7346f56a999224c863b5f7836e6a8c3d1a674144d2.png]
[ardor-profile.herokuapp.com/assets/calypso/demo/1-1cb215e78c2dc1b3cf6fbb48328de293ba96898f9125ee959c2bcc80b5be424d.jpg]
[ardor-profile.herokuapp.com/assets/calypso/sha-up-641193e10a903f946e59843b46ac4816901859ccb0e15e85878f6178da7d646f.png]
[ardor-profile.herokuapp.com/assets/calypso/sha-down-a47a8aeea288e7739d4b7cec1a16359c8209948dd6ad555138da9ad2d2c199c8.png]
[ardor-profile.herokuapp.com/assets/calypso/bgfooter-a576e3b388b592fbe51e0bff167c3dd9fe98a218fcec1df1d3e41a4b1701ef0d.jpg]
[ardor-profile.herokuapp.com/assets/calypso/map-97e397fb636961d88cea23b889b07706433bd883389e83130c3e663fb1613a33.png]
[ardor-profile.herokuapp.com/assets/calypso/foot-ca7894c63b2297bc4b2f9a82184855a70a54e11d04bfc513998e1f0b8dfc38d1.png]
[ardor-profile.herokuapp.com/assets/calypso/up-arrow-117b9a0d68da0cafb2e5d99bf3c1d85f0abd264160024fa3f336deb8ba41a536.png]
[ardor-profile.herokuapp.com/assets/calypso/plus-1e679b5aa39a8eae78ebf2bca6f6055e0e49cddc7bfb24adb26841456d4b6591.png]
[ardor-profile.herokuapp.com/assets/calypso/minus-7cfb2dfd8b66b59d8a9e6f1b21099580079e9e63e812a9a0659bd5ca64720931.png]
[ardor-profile.herokuapp.com/assets/calypso/demo/3-06c2c3c17ad6ce4e26b4edb236a36f04480b855731f6d4acea7181ac3f98af78.jpg]
[ardor-profile.herokuapp.com/assets/calypso/carousel_arrows-6d54da741a71bba3298fac9415c21a3d53cd5865481c1fd558aa8d7d0b5460cf.png]
[ardor-profile.herokuapp.com/assets/calypso/plust-465520fdaec68c2ef67e1908def65ec58a6e9e57b380f2309c11cf589099a5e7.png]
[ardor-profile.herokuapp.com/assets/font-awesome/fontawesome-webfont-a9595e5bf3b6dbbc076902b9abdea356053d69a2fe66506706de9bb39a126b8ff77bf77b.eot]
[ardor-profile.herokuapp.com/assets/font-awesome/fontawesome-webfont-18e6b5ff511b90edf098e62ac45ed9d6673a3eee10165d0de4164d4d02a3a77ff77bf77b.woff]
[ardor-profile.herokuapp.com/assets/OpenSans/OpenSans-Regular-webfont-8e9e1b3bfc423a801a1145e73c76bf44aabaf752a11362428cd264a6a6eca007.eot]
[ardor-profile.herokuapp.com/assets/OpenSans/OpenSans-Regular-webfont-8e9e1b3bfc423a801a1145e73c76bf44aabaf752a11362428cd264a6a6eca007d41dd41d.eot]
[ardor-profile.herokuapp.com/assets/OpenSans/OpenSans-Regular-webfont-7d161ab06fa3d662498d87f84e612acda5b78887d586d030357be22d4ae9afc7.woff]
[ardor-profile.herokuapp.com/assets/OpenSans/OpenSans-Italic-webfont-da4c9e311ded6def2e0578639af3459feccbb5ebb804b39d9039010339bc13e7.eot]
[ardor-profile.herokuapp.com/assets/OpenSans/OpenSans-Italic-webfont-da4c9e311ded6def2e0578639af3459feccbb5ebb804b39d9039010339bc13e7d41dd41d.eot]
[ardor-profile.herokuapp.com/assets/OpenSans/OpenSans-Italic-webfont-1617f5a058a7b704f9c4d8f2d3032fd67a71b815adeca1322c56e615a6a817fd.woff]
[ardor-profile.herokuapp.com/assets/OpenSans/OpenSans-Light-webfont-82080862c0635b3b9e1c0d6d2955a41d9ca3d25e3bbeb582fdcbd1dddfd4f06a.eot]
[ardor-profile.herokuapp.com/assets/OpenSans/OpenSans-Light-webfont-82080862c0635b3b9e1c0d6d2955a41d9ca3d25e3bbeb582fdcbd1dddfd4f06ad41dd41d.eot]
[ardor-profile.herokuapp.com/assets/OpenSans/OpenSans-Light-webfont-a9304ab4ab6e2e9b1f2d3eaa82e18f631dea6f5f5c1c56a8941d98d0dfb02238.woff]
[ardor-profile.herokuapp.com/assets/OpenSans/OpenSans-LightItalic-webfont-f0b395e798d5d3b3fc92898f390db3dea91d6e1ff8909ceda76152b9fdda5259.eot]
[ardor-profile.herokuapp.com/assets/OpenSans/OpenSans-LightItalic-webfont-f0b395e798d5d3b3fc92898f390db3dea91d6e1ff8909ceda76152b9fdda5259d41dd41d.eot]
[ardor-profile.herokuapp.com/assets/OpenSans/OpenSans-LightItalic-webfont-81a029fc9eb9cb2cc70c167a318b4081b4ba436f4ce229418c3c4c356ef9cef7.woff]
[ardor-profile.herokuapp.com/assets/OpenSans/OpenSans-Semibold-webfont-563a2efb83dfca418701f28fc8ecd979b6314f23213d200faa50e8a04bcb809c.eot]
[ardor-profile.herokuapp.com/assets/OpenSans/OpenSans-Semibold-webfont-563a2efb83dfca418701f28fc8ecd979b6314f23213d200faa50e8a04bcb809cd41dd41d.eot]
[ardor-profile.herokuapp.com/assets/OpenSans/OpenSans-Semibold-webfont-533076c09e051889644171af030b5b2806e4277e311a0f2019f2440c97b70ee3.woff]
[ardor-profile.herokuapp.com/assets/OpenSans/OpenSans-SemiboldItalic-webfont-a440618db66d7613b172a2df880e61cf24f69a88099434e50ca7f99139fc6748.eot]
[ardor-profile.herokuapp.com/assets/OpenSans/OpenSans-SemiboldItalic-webfont-a440618db66d7613b172a2df880e61cf24f69a88099434e50ca7f99139fc6748d41dd41d.eot]
[ardor-profile.herokuapp.com/assets/OpenSans/OpenSans-SemiboldItalic-webfont-82f3d2d0fb72f270e57f09009d591a7fd6dac6d4790da1759064f6a59d93027b.woff]
[ardor-profile.herokuapp.com/assets/OpenSans/OpenSans-Bold-webfont-710336ea5403bd2db4b38104477a2e8d61a533ebb575fe67a18f58ae1742b729.eot]
[ardor-profile.herokuapp.com/assets/OpenSans/OpenSans-Bold-webfont-710336ea5403bd2db4b38104477a2e8d61a533ebb575fe67a18f58ae1742b729d41dd41d.eot]
[ardor-profile.herokuapp.com/assets/OpenSans/OpenSans-Bold-webfont-87f7d13b1abfab993c9d5f5e5c0719222db257832f934bb3d9e822098f609224.woff]
[ardor-profile.herokuapp.com/assets/OpenSans/OpenSans-BoldItalic-webfont-678e7910f89499bbba5070e28633b1c468726914824c44f882fb455c3d4eeabd.eot]
[ardor-profile.herokuapp.com/assets/OpenSans/OpenSans-BoldItalic-webfont-678e7910f89499bbba5070e28633b1c468726914824c44f882fb455c3d4eeabdd41dd41d.eot]
[ardor-profile.herokuapp.com/assets/OpenSans/OpenSans-BoldItalic-webfont-e642dbcc8ca9d2c8b7c53fe23979f560908aec5e99fd460cd9ed8bf454c119be.woff]
[ardor-profile.herokuapp.com/assets/OpenSans/OpenSans-ExtraBold-webfont-594312b1c530d35d1443722277303889866e7ddcaf2d15e88eacabbf9bd8a5d2.eot]
[ardor-profile.herokuapp.com/assets/OpenSans/OpenSans-ExtraBold-webfont-594312b1c530d35d1443722277303889866e7ddcaf2d15e88eacabbf9bd8a5d2d41dd41d.eot]
[ardor-profile.herokuapp.com/assets/OpenSans/OpenSans-ExtraBold-webfont-9d6d9afa559775e6cbec5f6d555906d9dcc2e8bfb846506aa75687acee9ed769.woff]
[ardor-profile.herokuapp.com/assets/OpenSans/OpenSans-ExtraBoldItalic-webfont-8abc51792db27126daeccaf5a23e934e418c703356892318b23e214e4869aa3a.eot]
[ardor-profile.herokuapp.com/assets/OpenSans/OpenSans-ExtraBoldItalic-webfont-8abc51792db27126daeccaf5a23e934e418c703356892318b23e214e4869aa3ad41dd41d.eot]
[ardor-profile.herokuapp.com/assets/OpenSans/OpenSans-ExtraBoldItalic-webfont-b01f7065c73c642902bd53755e673eb1f6f62ec10d665b16737456f3f9fd7c3f.woff]
[ardor-profile.herokuapp.com/assets/Raleway/Raleway-5cd26972dfa4581c9ac704b0d6d9009314ef151a9821b433a65d1b3ddd7f4885.woff]
[ardor-profile.herokuapp.com/assets/Raleway/Raleway-Medium-c2d0fad7450d7c51a6050c0c7e290f6a10a957ef3ee32f0b715c92282d20faaf.woff]
[ardor-profile.herokuapp.com/assets/Raleway/Raleway-Bold-9a80b6905b78c9644a8b6de4be2a1d21b8173bc7e83c65c87172c329592f51c3.woff]
[ardor-profile.herokuapp.com/assets/calypso/prettyPhoto/dark_rounded/sprite-183773346ca33ad6935e01714aab0e55d315b72767d3aaa6b51180367826091a.png]
[ardor-profile.herokuapp.com/assets/calypso/prettyPhoto/dark_rounded/contentPattern-0bdac66efbb11777d972f6a5211490e346d4d82776184ddf7c8040894e1e3a66.png]
[ardor-profile.herokuapp.com/assets/calypso/prettyPhoto/dark_rounded/btnNext-f70f9ba6b6a11baceab4d76131276c68a8381739f8528cd4577ed0aced90d9b7.png]
[ardor-profile.herokuapp.com/assets/calypso/prettyPhoto/dark_rounded/btnPrevious-fa43438befeeef390166ce541dbd8f585097629cb2df6ab3d6a5abc72d3413dc.png]
[ardor-profile.herokuapp.com/assets/calypso/prettyPhoto/dark_rounded/loader-ccd39b8ba77b46e92151135ac4749d1fa2e03fb5bc30b475c9ca11b8c95ef64e.gif]
[ardor-profile.herokuapp.com/assets/calypso/prettyPhoto/dark_square/loader-ccd39b8ba77b46e92151135ac4749d1fa2e03fb5bc30b475c9ca11b8c95ef64e.gif]
[ardor-profile.herokuapp.com/assets/calypso/prettyPhoto/dark_square/sprite-ec6447bf74951685ad6773ad32a9a9123af6fed69fc20eefcaa33956f315eebc.png]
[ardor-profile.herokuapp.com/assets/calypso/prettyPhoto/dark_square/btnNext-f70f9ba6b6a11baceab4d76131276c68a8381739f8528cd4577ed0aced90d9b7.png]
[ardor-profile.herokuapp.com/assets/calypso/prettyPhoto/dark_square/btnPrevious-fa43438befeeef390166ce541dbd8f585097629cb2df6ab3d6a5abc72d3413dc.png]
[ardor-profile.herokuapp.com/assets/calypso/prettyPhoto/facebook/default_thumbnail-9468bfe77bb8540573a06e0e31b0577520cb5c12c575fdea39076a43c5764ecb.gif]
[ardor-profile.herokuapp.com/assets/calypso/prettyPhoto/light_rounded/btnNext-f70f9ba6b6a11baceab4d76131276c68a8381739f8528cd4577ed0aced90d9b7.png]
[ardor-profile.herokuapp.com/assets/frontend.css]
[ardor-profile.herokuapp.com/en/projects/14.html]
[ardor-profile.herokuapp.com/en/projects/15.html]
[ardor-profile.herokuapp.com/en/projects/5.html]
[ardor-profile.herokuapp.com/en/projects/3.html]
[ardor-profile.herokuapp.com/en/projects/9.html]
[ardor-profile.herokuapp.com/en/projects/1.html]
[ardor-profile.herokuapp.com/en/projects/4.html]
[ardor-profile.herokuapp.com/en/projects/2.html]
[ardor-profile.herokuapp.com/en/projects/7.html]
[ardor-profile.herokuapp.com/en/projects/6.html]
[ardor-profile.herokuapp.com/en/projects/8.html]
[ardor-profile.herokuapp.com/en/projects/12.html]
[ardor-profile.herokuapp.com/assets/dma069.com/74322f6a-1c07-4d97-abf0-026e17f0cf59.js]
[ardor-profile.herokuapp.com/assets/bootstrap/glyphicons-halflings-regular-fe185d11a49676890d47bb783312a0cda5a44c4039214094e7957b4c040ef11c.html]
[ardor-profile.herokuapp.com/assets/bootstrap/glyphicons-halflings-regular-e395044093757d82afcb138957d06a1ea9361bdcf0b442d06a18a8051af57456.html]
[ardor-profile.herokuapp.com/assets/bootstrap/glyphicons-halflings-regular-42f60659d265c1a3c30f9fa42abcbb56bd4a53af4d83d316d6dd7a36903c43e5.svg]
[ardor-profile.herokuapp.com/assets/grabbing.html]
[ardor-profile.herokuapp.com/assets/font-awesome/fontawesome-webfont-aadc3580d2b64ff5a7e6f1425587db4e8b033efcbf8f5c332ca52a5ed580c87c.html]
[ardor-profile.herokuapp.com/assets/font-awesome/fontawesome-webfont-14dcb8f02b3b81c2baab230610c349a94282bbd976693759e9b4a8694d486451.html]
[ardor-profile.herokuapp.com/assets/font-awesome/fontawesome-webfont-61c90f78333473c40f9512789708cdcd8206dd269401103f33d438cd838bb1f0.svg]
[ardor-profile.herokuapp.com/assets/font-awesome/fontawesome-webfont-14dcb8f02b3b81c2baab230610c349a94282bbd976693759e9b4a8694d486451f77bf77b.html]
[ardor-profile.herokuapp.com/assets/OpenSans/OpenSans-Regular-webfont-3098c00be7e6765d5f86bd98ba72dcdccf713d2087b2773e26954de4403bd7d5.html]
[ardor-profile.herokuapp.com/assets/OpenSans/OpenSans-Regular-webfont-f884326a6ff0018b864db5ed6049257c9c3a0a49af08816d6bff9e550c0c45c0.svg]
[ardor-profile.herokuapp.com/assets/OpenSans/OpenSans-Italic-webfont-6aea384f2a661771f3d08487bedd4eaf4dd6b0bd0787e9f64d6e0357ba200ba9.html]
[ardor-profile.herokuapp.com/assets/OpenSans/OpenSans-Italic-webfont-9c76d8673dad1436d44e7b245a049afbf053ab8161d2a3c32537c107f9df4c1d.svg]
[ardor-profile.herokuapp.com/assets/OpenSans/OpenSans-Light-webfont-488440124630f7b1458de92080069597db6a224f2d787c362d7176a5c884cc86.html]
[ardor-profile.herokuapp.com/assets/OpenSans/OpenSans-Light-webfont-f9a1c0fd864367f166af33dafe0329e3ac489b60fc9ccf6df7f3af578038b7c2.svg]
[ardor-profile.herokuapp.com/assets/OpenSans/OpenSans-LightItalic-webfont-2727230d370cab814d0cd97a9b0a7caf49bdfb3577472179de7aeaa8e613f90a.html]
[ardor-profile.herokuapp.com/assets/OpenSans/OpenSans-LightItalic-webfont-e56fafb4be72a72223d105ab8d41fa6d835e1b43c1090315d4b5621f1a07cdb5.svg]
[ardor-profile.herokuapp.com/assets/OpenSans/OpenSans-Semibold-webfont-ec259315a6529dee2b4cf519c29393321f3233cfd45a74789524b788b5eb76b0.html]
[ardor-profile.herokuapp.com/assets/OpenSans/OpenSans-Semibold-webfont-314246424a5da63030d79553adee46ae58e939b12d7d1397e1765336ef0b19bc.svg]
[ardor-profile.herokuapp.com/assets/OpenSans/OpenSans-SemiboldItalic-webfont-4f8d5385a9bc8ace0afc78d1e4c6683c3c50a98dedf0424958016fae53718927.html]
[ardor-profile.herokuapp.com/assets/OpenSans/OpenSans-SemiboldItalic-webfont-dc30e2989e9a20165eb5fd173c9563cc021dd9b5bd0752fd1ae93fca3900b9d6.svg]
[ardor-profile.herokuapp.com/assets/OpenSans/OpenSans-Bold-webfont-d6e15df40b5fa9f51e327f937d33656ec2e9729ab6bba7e6f45827b49187afd0.html]
[ardor-profile.herokuapp.com/assets/OpenSans/OpenSans-Bold-webfont-3006979e67ad7a681a68297efc27d4db9ab5085d5e470e0d6ed981dfe7a1ddbf.svg]
[ardor-profile.herokuapp.com/assets/OpenSans/OpenSans-BoldItalic-webfont-4e6c06a407f11995a6cbe88c0cf43520b79468e22fdf67ed14a92824657ea354.html]
[ardor-profile.herokuapp.com/assets/OpenSans/OpenSans-BoldItalic-webfont-448933a44b968b1e59f98a6463027733db421934bea000cca25342c968c05a6b.svg]
[ardor-profile.herokuapp.com/assets/OpenSans/OpenSans-ExtraBold-webfont-13668bd25f616ff75235f5b36736d9ff17a674e7c4c0644e275d7a17a18d2575.html]
[ardor-profile.herokuapp.com/assets/OpenSans/OpenSans-ExtraBold-webfont-9ce72b2a1c74e31f6bc174702e30edea405238ca6e136128266d36aef9df79f3.svg]
[ardor-profile.herokuapp.com/assets/OpenSans/OpenSans-ExtraBoldItalic-webfont-df66a59fdd4424fe06dc1f0a7ba7a1ba3cb0e206f5d29784d9c3637e8c0d6d20.html]
[ardor-profile.herokuapp.com/assets/OpenSans/OpenSans-ExtraBoldItalic-webfont-6fd1d01f535b9f817f4deb3cda4ac41b81fcdfcd1098d845f90097426a6c0b76.svg]
[ardor-profile.herokuapp.com/assets/Roboto/Roboto-Regular-dcbb6aa0748ab4093f0a60f77c70592a469ca501a6bc6970dcb3e28e5b451b15.html]
[ardor-profile.herokuapp.com/assets/Roboto/Roboto-Bold-1ae76d96d6e9d7e1eecccac212ef04e99d6b6aaf725e28e22334c5a0c567985e.html]
[ardor-profile.herokuapp.com/img/plus.html]
[ardor-profile.herokuapp.com/img/minus.html]
